<?xml version="1.0" encoding="UTF-8"?>
<!-- Generated by org.testng.reporters.JUnitReportReporter -->
<testsuite skipped="0" hostname="DESKTOP-GP7K44V" name="techfios.testcases.InvalidLoginTest" tests="1" failures="0" timestamp="17 Apr 2020 17:58:21 GMT" time="1.295" errors="0">
  <testcase name="InvalidloginTest" time="1.295" classname="techfios.testcases.InvalidLoginTest"/>
</testsuite> <!-- techfios.testcases.InvalidLoginTest -->
