<?xml version="1.0" encoding="UTF-8"?>
<!-- Generated by org.testng.reporters.JUnitReportReporter -->
<testsuite skipped="0" hostname="DESKTOP-GP7K44V" name="techfios.testcases.LoginTest" tests="1" failures="0" timestamp="16 Apr 2020 21:40:17 GMT" time="0.745" errors="0">
  <testcase name="loginTest" time="0.745" classname="techfios.testcases.LoginTest"/>
</testsuite> <!-- techfios.testcases.LoginTest -->
